<?xml version="1.0" encoding="UTF-8"?>
<testsuite xmlns:xsi="http://www.w3.org/2001/XMLSchema-instance" xsi:noNamespaceSchemaLocation="https://maven.apache.org/surefire/maven-surefire-plugin/xsd/surefire-test-report-3.0.xsd" version="3.0" name="com.wizeline.TestRunner" time="9.457" tests="2" errors="0" skipped="0" failures="1">
  <properties>
[...]
</properties>
  <testcase name="User logs in with valid credentials" classname="Login to the application" time="4.865">
    <system-out><![CDATA[
Scenario: User logs in with valid credentials                   &amp#27;[90m# src/test/resources/features/login.feature:3&amp#27;[0m
Abriendo la URL: https://www.saucedemo.com
  &amp#27;[32mGiven &amp#27;[0m&amp#27;[32mI open the login page&amp#27;[0m                                   &amp#27;[90m# com.wizeline.steps.LoginSteps.iOpenTheLoginPage()&amp#27;[0m
  &amp#27;[32mWhen &amp#27;[0m&amp#27;[32mI enter the username &amp#27;[0m&amp#27;[32m&amp#27;[1m"Paola"&amp#27;[0m&amp#27;[32m and password &amp#27;[0m&amp#27;[32m&amp#27;[1m"secret_sauce"&amp#27;[0m &amp#27;[90m# com.wizeline.steps.LoginSteps.iEnterTheUsernameAndPassword(java.lang.String,java.lang.String)&amp#27;[0m
  &amp#27;[32mThen &amp#27;[0m&amp#27;[32mI should see the login page title&amp#27;[0m                        &amp#27;[90m# com.wizeline.steps.LoginSteps.iShouldSeeTheLoginPageTitle()&amp#27;[0m
]]></system-out>
    <system-err><![CDATA[SLF4J(W): No SLF4J providers were found.
SLF4J(W): Defaulting to no-operation (NOP) logger implementation
SLF4J(W): See https://www.slf4j.org/codes.html#noProviders for further details.
Starting ChromeDriver 138.0.7204.157 (e533e98b1267baa1f1c46d666b120e64e5146aa9-refs/branch-heads/7204@{#2046}) on port 38477
Only local connections are allowed.
Please see https://chromedriver.chromium.org/security-considerations for suggestions on keeping ChromeDriver safe.
ChromeDriver was started successfully on port 38477.
jul. 16, 2025 11:14:32 A. M. org.openqa.selenium.devtools.CdpVersionFinder findNearestMatch
WARNING: Unable to find CDP implementation matching 138
jul. 16, 2025 11:14:32 A. M. org.openqa.selenium.chromium.ChromiumDriver lambda$new$3
WARNING: Unable to find version of CDP to use for . You may need to include a dependency on a specific version of the CDP using something similar to `org.seleniumhq.selenium:selenium-devtools-v86:4.6.0` where the version ("v86") matches the version of the chromium-based browser you're using and the version number of the artifact is the same as Selenium's.
]]></system-err>
  </testcase>
  <testcase name="User logs in with invalid credentials" classname="Login to the application" time="2.064">
    <failure type="java.lang.AssertionError"><![CDATA[java.lang.AssertionError
	at org.junit.Assert.fail(Assert.java:87)
	at org.junit.Assert.assertTrue(Assert.java:42)
	at org.junit.Assert.assertTrue(Assert.java:53)
	at com.wizeline.steps.LoginSteps.iShouldSeeTheErrorMessage(LoginSteps.java:32)
	at ✽.I should see the error message "perre: Username and password do not match any user in this service"(file:///C:/Users/polis/Downloads/sourcedemo/sourcedemo/src/test/resources/features/login.feature:11)
]]></failure>
    <system-out><![CDATA[
Scenario: User logs in with invalid credentials                                                            &amp#27;[90m# src/test/resources/features/login.feature:8&amp#27;[0m
Abriendo la URL: https://www.saucedemo.com
  &amp#27;[32mGiven &amp#27;[0m&amp#27;[32mI open the login page&amp#27;[0m                                                                              &amp#27;[90m# com.wizeline.steps.LoginSteps.iOpenTheLoginPage()&amp#27;[0m
  &amp#27;[32mWhen &amp#27;[0m&amp#27;[32mI enter the username &amp#27;[0m&amp#27;[32m&amp#27;[1m"invalid_user"&amp#27;[0m&amp#27;[32m and password &amp#27;[0m&amp#27;[32m&amp#27;[1m"wrong_pass"&amp#27;[0m                                       &amp#27;[90m# com.wizeline.steps.LoginSteps.iEnterTheUsernameAndPassword(java.lang.String,java.lang.String)&amp#27;[0m
  &amp#27;[31mThen &amp#27;[0m&amp#27;[31mI should see the error message &amp#27;[0m&amp#27;[31m&amp#27;[1m"perre: Username and password do not match any user in this service"&amp#27;[0m &amp#27;[90m# com.wizeline.steps.LoginSteps.iShouldSeeTheErrorMessage(java.lang.String)&amp#27;[0m
      &amp#27;[31mjava.lang.AssertionError
	at org.junit.Assert.fail(Assert.java:87)
	at org.junit.Assert.assertTrue(Assert.java:42)
	at org.junit.Assert.assertTrue(Assert.java:53)
	at com.wizeline.steps.LoginSteps.iShouldSeeTheErrorMessage(LoginSteps.java:32)
	at âœ½.I should see the error message "perre: Username and password do not match any user in this service"(file:///C:/Users/polis/Downloads/sourcedemo/sourcedemo/src/test/resources/features/login.feature:11)
&amp#27;[0m
Screenshot saved at: screenshots/User_logs_in_with_invalid_credentials_2025-07-16T11-14-34-916996700.png
]]></system-out>
    <system-err><![CDATA[Starting ChromeDriver 138.0.7204.157 (e533e98b1267baa1f1c46d666b120e64e5146aa9-refs/branch-heads/7204@{#2046}) on port 19508
Only local connections are allowed.
Please see https://chromedriver.chromium.org/security-considerations for suggestions on keeping ChromeDriver safe.
ChromeDriver was started successfully on port 19508.
jul. 16, 2025 11:14:34 A. M. org.openqa.selenium.devtools.CdpVersionFinder findNearestMatch
WARNING: Unable to find CDP implementation matching 138
jul. 16, 2025 11:14:34 A. M. org.openqa.selenium.chromium.ChromiumDriver lambda$new$3
WARNING: Unable to find version of CDP to use for . You may need to include a dependency on a specific version of the CDP using something similar to `org.seleniumhq.selenium:selenium-devtools-v86:4.6.0` where the version ("v86") matches the version of the chromium-based browser you're using and the version number of the artifact is the same as Selenium's.
]]></system-err>
  </testcase>
</testsuite>